<?xml version="1.0" encoding="UTF-8"?>
<testng-results skipped="0" failed="0" ignored="0" total="0" passed="0">
  <reporter-output>
  </reporter-output>
  <suite name="TestNgTestCases.DemoTestCase.AppTest" duration-ms="6" started-at="2021-09-16T11:35:03Z" finished-at="2021-09-16T11:35:03Z">
    <groups>
    </groups>
    <test name="Command line test" duration-ms="6" started-at="2021-09-16T11:35:03Z" finished-at="2021-09-16T11:35:03Z">
    </test> <!-- Command line test -->
  </suite> <!-- TestNgTestCases.DemoTestCase.AppTest -->
</testng-results>
