<?xml version="1.0" encoding="UTF-8"?>
<testng-results skipped="0" failed="0" ignored="0" total="1" passed="1">
  <reporter-output>
  </reporter-output>
  <suite name="Suite" duration-ms="13800" started-at="2021-12-29T06:47:21Z" finished-at="2021-12-29T06:47:35Z">
    <groups>
    </groups>
    <test name="EBanking" duration-ms="13800" started-at="2021-12-29T06:47:21Z" finished-at="2021-12-29T06:47:35Z">
      <class name="Testcases.NewTestCases_001">
        <test-method status="PASS" signature="setup(java.lang.String)[pri:0, instance:Testcases.NewTestCases_001@cb5822]" name="setup" is-config="true" duration-ms="12751" started-at="2021-12-29T12:17:21Z" finished-at="2021-12-29T12:17:34Z">
          <params>
            <param index="0">
              <value>
                <![CDATA[chrome]]>
              </value>
            </param>
          </params>
          <reporter-output>
          </reporter-output>
        </test-method> <!-- setup -->
        <test-method status="PASS" signature="openBank()[pri:0, instance:Testcases.NewTestCases_001@cb5822]" name="openBank" duration-ms="600" started-at="2021-12-29T12:17:34Z" finished-at="2021-12-29T12:17:35Z">
          <reporter-output>
          </reporter-output>
        </test-method> <!-- openBank -->
      </class> <!-- Testcases.NewTestCases_001 -->
    </test> <!-- EBanking -->
  </suite> <!-- Suite -->
</testng-results>
